<?xml version="1.0" encoding="UTF-8"?>
<testng-results skipped="0" failed="0" ignored="0" total="1" passed="1">
  <reporter-output>
  </reporter-output>
  <suite name="Default suite" duration-ms="29167" started-at="2021-03-12T11:41:44Z" finished-at="2021-03-12T11:42:13Z">
    <groups>
    </groups>
    <test name="Default test" duration-ms="29167" started-at="2021-03-12T11:41:44Z" finished-at="2021-03-12T11:42:13Z">
      <class name="mmt.MMT_test">
        <test-method status="PASS" signature="mmt()[pri:0, instance:mmt.MMT_test@5442a311]" name="mmt" duration-ms="29088" started-at="2021-03-12T11:41:44Z" finished-at="2021-03-12T11:42:13Z">
          <reporter-output>
          </reporter-output>
        </test-method> <!-- mmt -->
      </class> <!-- mmt.MMT_test -->
    </test> <!-- Default test -->
  </suite> <!-- Default suite -->
</testng-results>
