<?xml version="1.0" encoding="UTF-8"?>
<testng-results skipped="0" failed="0" ignored="0" total="1" passed="1">
  <reporter-output>
  </reporter-output>
  <suite name="Default suite" duration-ms="114746" started-at="2021-03-08T06:13:28Z" finished-at="2021-03-08T06:15:23Z">
    <groups>
    </groups>
    <test name="Default test" duration-ms="114746" started-at="2021-03-08T06:13:28Z" finished-at="2021-03-08T06:15:23Z">
      <class name="mmt.MMT_test">
        <test-method status="PASS" signature="MMT()[pri:0, instance:mmt.MMT_test@cc285f4]" name="MMT" duration-ms="114563" started-at="2021-03-08T06:13:29Z" finished-at="2021-03-08T06:15:23Z">
          <reporter-output>
          </reporter-output>
        </test-method> <!-- MMT -->
      </class> <!-- mmt.MMT_test -->
    </test> <!-- Default test -->
  </suite> <!-- Default suite -->
</testng-results>
