<?xml version="1.0" encoding="UTF-8"?>
<!-- Generated by org.testng.reporters.JUnitXMLReporter -->
<testsuite hostname="DESKTOP-98PBJP0" ignored="0" name="Test" tests="6" failures="0" timestamp="14 Apr 2021 06:46:35 GMT" time="0.285" errors="0">
  <testcase name="init" time="0.051" classname="jenkinsTest.testinggg"/>
  <testcase name="insert" time="0.008" classname="jenkinsTest.testinggg"/>
  <testcase name="select" time="0.023" classname="jenkinsTest.testinggg"/>
  <testcase name="update" time="0.008" classname="jenkinsTest.testinggg"/>
  <testcase name="delete" time="0.01" classname="jenkinsTest.testinggg"/>
  <testcase name="cleanup" time="0.005" classname="jenkinsTest.testinggg"/>
</testsuite> <!-- Test -->
