<?xml version="1.0" encoding="UTF-8"?>
<!-- Generated by org.testng.reporters.JUnitXMLReporter -->
<testsuite hostname="DESKTOP-98PBJP0" ignored="0" name="Default test" tests="6" failures="0" timestamp="14 Apr 2021 06:34:24 GMT" time="0.13" errors="0">
  <testcase name="init" time="0.016" classname="jenkinsTest.testinggg"/>
  <testcase name="insert" time="0.0" classname="jenkinsTest.testinggg"/>
  <testcase name="select" time="0.0" classname="jenkinsTest.testinggg"/>
  <testcase name="update" time="0.0" classname="jenkinsTest.testinggg"/>
  <testcase name="delete" time="0.0" classname="jenkinsTest.testinggg"/>
  <testcase name="cleanup" time="0.0" classname="jenkinsTest.testinggg"/>
</testsuite> <!-- Default test -->
